     1 00000000                                 ;hello-os
     2 00000000                                 ;TAB = 4
     3 00000000                                 
     4                                          org 0x7c00
     5 00007C00                                 
     6 00007C00 EB 4E                           jmp entry
     7 00007C02 90                              DB 0x90
     8 00007C03 48 45 4C 4C 4F 49 50 4C         DB "HELLOIPL"		;開機磁區名稱
     9 00007C0B 0200                            DW 512				;磁區大小
    10 00007C0D 01                              DB 1				;叢集大小
    11 00007C0E 0001                            DW 1				;FAT開始磁區
    12 00007C10 02                              DB 2				;FAT個數
    13 00007C11 00E0                            DW 224				;根目錄範圍大小
    14 00007C13 0B40                            DW 2880				;磁碟機大小
    15 00007C15 F0                              DB 0xf0				;媒體格式
    16 00007C16 0009                            DW 9				;FAT區域範圍長度
    17 00007C18 0012                            DW 18				;一磁軌的磁區數
    18 00007C1A 0002                            DW 2				;詞頭個數
    19 00007C1C 00000000                        DD 0				;不使用磁碟分割
    20 00007C20 00000B40                        DD 2880				;磁碟機大小
    21 00007C24 00 00 29                        DB 0,0,0x29
    22 00007C27 FFFFFFFF                        DD 0xffffffff		;磁碟區序號
    23 00007C2B 48 45 4C 4C 4F 2D 4F 53 20 20   DB "HELLO-OS   "	;磁碟片名稱
       00007C35 20 
    24 00007C36 46 41 54 31 32 20 20 20         DB "FAT12   "		;格式名稱
    25 00007C3E 00 00 00 00 00 00 00 00 00 00   RESB 18				;空出18個bytes
       00007C48 00 00 00 00 00 00 00 00 
    26 00007C50                                 
    27 00007C50                                 ;程式碼本身
    28 00007C50                                 
    29 00007C50                                 entry:
    30 00007C50 B8 0000                         		mov ax,0
    31 00007C53 8E D0                           		mov ss,ax
    32 00007C55 BC 7C00                         		mov sp,0x7c00
    33 00007C58 8E D8                           		mov ds,ax
    34 00007C5A                                 		
    35 00007C5A B8 0820                         		mov ax,0x0820
    36 00007C5D 8E C0                           		mov es,ax
    37 00007C5F B5 00                           		mov ch,0		;磁柱0
    38 00007C61 B6 00                           		mov dh,0		;磁頭0
    39 00007C63 B1 02                           		mov cl,2		;磁區2
    40 00007C65                                 		
    41 00007C65 B4 02                           		mov ah,0x02		;讀入磁碟片
    42 00007C67 B0 01                           		mov al,1		;磁區1
    43 00007C69 BB 0000                         		mov bx,0
    44 00007C6C B2 00                           		mov dl,0x00		;A磁碟機
    45 00007C6E CD 13                           		int 0x13		;呼叫磁碟片BIOS
    46 00007C70 72 03                           		JC error
    47 00007C72                                 fin:
    48 00007C72 F4                              		hlt
    49 00007C73 EB FD                           		jmp fin		
    50 00007C75                                 		
    51 00007C75                                 error:
    52 00007C75 BE 7C88                         		mov si,msg
    53 00007C78                                 		
    54 00007C78                                 putloop:
    55 00007C78 8A 04                           		mov al,[si]
    56 00007C7A 46                              		inc si
    57 00007C7B 3C 00                           		cmp al,0
    58 00007C7D 74 F3                           		je fin
    59 00007C7F B4 0E                           		mov ah,0x0e
    60 00007C81 BB 000F                         		mov bx,15
    61 00007C84 CD 10                           		int 0x10			;呼叫視訊BIOS
    62 00007C86 EB F0                           		jmp putloop
    63 00007C88                                 		
    64 00007C88                                 msg:
    65 00007C88 0A 0A                           		DB 0x0a,0x0a		;兩個換行
    66 00007C8A 6C 6F 61 64 20 65 72 72 6F 72   		DB "load error"
    67 00007C94 0A                              		DB 0x0a
    68 00007C95 00                              		DB 0
    69 00007C96                                 		
    70 00007C96 00 00 00 00 00 00 00 00 00 00   RESB 0x7dfe-$
       00007CA0 00 00 00 00 00 00 00 00 00 00 
       00007CAA 00 00 00 00 00 00 00 00 00 00 
       00007CB4 00 00 00 00 00 00 00 00 00 00 
       00007CBE 00 00 00 00 00 00 00 00 00 00 
       00007CC8 00 00 00 00 00 00 00 00 00 00 
       00007CD2 00 00 00 00 00 00 00 00 00 00 
       00007CDC 00 00 00 00 00 00 00 00 00 00 
       00007CE6 00 00 00 00 00 00 00 00 00 00 
       00007CF0 00 00 00 00 00 00 00 00 00 00 
       00007CFA 00 00 00 00 00 00 00 00 00 00 
       00007D04 00 00 00 00 00 00 00 00 00 00 
       00007D0E 00 00 00 00 00 00 00 00 00 00 
       00007D18 00 00 00 00 00 00 00 00 00 00 
       00007D22 00 00 00 00 00 00 00 00 00 00 
       00007D2C 00 00 00 00 00 00 00 00 00 00 
       00007D36 00 00 00 00 00 00 00 00 00 00 
       00007D40 00 00 00 00 00 00 00 00 00 00 
       00007D4A 00 00 00 00 00 00 00 00 00 00 
       00007D54 00 00 00 00 00 00 00 00 00 00 
       00007D5E 00 00 00 00 00 00 00 00 00 00 
       00007D68 00 00 00 00 00 00 00 00 00 00 
       00007D72 00 00 00 00 00 00 00 00 00 00 
       00007D7C 00 00 00 00 00 00 00 00 00 00 
       00007D86 00 00 00 00 00 00 00 00 00 00 
       00007D90 00 00 00 00 00 00 00 00 00 00 
       00007D9A 00 00 00 00 00 00 00 00 00 00 
       00007DA4 00 00 00 00 00 00 00 00 00 00 
       00007DAE 00 00 00 00 00 00 00 00 00 00 
       00007DB8 00 00 00 00 00 00 00 00 00 00 
       00007DC2 00 00 00 00 00 00 00 00 00 00 
       00007DCC 00 00 00 00 00 00 00 00 00 00 
       00007DD6 00 00 00 00 00 00 00 00 00 00 
       00007DE0 00 00 00 00 00 00 00 00 00 00 
       00007DEA 00 00 00 00 00 00 00 00 00 00 
       00007DF4 00 00 00 00 00 00 00 00 00 00 
    71 00007DFE                                 
    72 00007DFE 55 AA                           DB 0x55,0xaa