     1 00000000                                 ;haribote-ipl
     2 00000000                                 ;TAB = 4
     3  = 0000000A                              CYLS equ 10
     4 00000000                                 
     5                                          org 0x7c00
     6 00007C00                                 
     7 00007C00 EB 4E                           jmp entry
     8 00007C02 90                              DB 0x90
     9 00007C03 48 41 52 49 42 4F 54 45         DB "HARIBOTE"		;開機磁區名稱(8)
    10 00007C0B 0200                            DW 512				;磁區大小
    11 00007C0D 01                              DB 1				;叢集大小
    12 00007C0E 0001                            DW 1				;FAT開始磁區
    13 00007C10 02                              DB 2				;FAT個數
    14 00007C11 00E0                            DW 224				;根目錄範圍大小
    15 00007C13 0B40                            DW 2880				;磁碟機大小
    16 00007C15 F0                              DB 0xf0				;媒體格式
    17 00007C16 0009                            DW 9				;FAT區域範圍長度
    18 00007C18 0012                            DW 18				;一磁軌的磁區數
    19 00007C1A 0002                            DW 2				;詞頭個數
    20 00007C1C 00000000                        DD 0				;不使用磁碟分割
    21 00007C20 00000B40                        DD 2880				;磁碟機大小
    22 00007C24 00 00 29                        DB 0,0,0x29
    23 00007C27 FFFFFFFF                        DD 0xffffffff		;磁碟區序號
    24 00007C2B 48 41 52 49 42 4F 54 45 4F 53   DB "HARIBOTEOS "	;磁碟片名稱(11)
       00007C35 20 
    25 00007C36 46 41 54 31 32 20 20 20         DB "FAT12   "		;格式名稱(8)
    26 00007C3E 00 00 00 00 00 00 00 00 00 00   RESB 18				;空出18個bytes
       00007C48 00 00 00 00 00 00 00 00 
    27 00007C50                                 
    28 00007C50                                 ;程式碼本身
    29 00007C50                                 
    30 00007C50                                 entry:
    31 00007C50 B8 0000                         		mov ax,0
    32 00007C53 8E D0                           		mov ss,ax
    33 00007C55 BC 7C00                         		mov sp,0x7c00
    34 00007C58 8E D8                           		mov ds,ax
    35 00007C5A                                 		
    36 00007C5A B8 0820                         		mov ax,0x0820
    37 00007C5D 8E C0                           		mov es,ax
    38 00007C5F B5 00                           		mov ch,0		;磁柱0
    39 00007C61 B6 00                           		mov dh,0		;磁頭0
    40 00007C63 B1 02                           		mov cl,2		;磁區2
    41 00007C65                                 		
    42 00007C65                                 readloop:
    43 00007C65 BE 0000                         		mov si,0		;計數器
    44 00007C68                                 		
    45 00007C68                                 ;重複嘗試讀入磁碟片5次
    46 00007C68                                 retry:
    47 00007C68 B4 02                           		mov ah,0x02		;讀入磁碟片
    48 00007C6A B0 01                           		mov al,1		;磁區1
    49 00007C6C BB 0000                         		mov bx,0
    50 00007C6F B2 00                           		mov dl,0x00		;A磁碟機
    51 00007C71 CD 13                           		int 0x13		;call BIOS
    52 00007C73 73 10                           		jnc next		
    53 00007C75 83 C6 01                        		add si,1
    54 00007C78 83 FE 05                        		cmp si,5
    55 00007C7B 73 32                           		jae error		;超過5次就跳error
    56 00007C7D B4 00                           		mov ah,0x00
    57 00007C7F B2 00                           		mov dl,0x00		;磁碟機重設
    58 00007C81 CD 13                           		int 0x13		;call BIOS 
    59 00007C83 EB E3                           		jmp retry
    60 00007C85                                 
    61 00007C85                                 next:
    62 00007C85 8C C0                           		mov ax,es
    63 00007C87 05 0020                         		add ax,0x0020	;再往後推0x20h bytes，即512/16
    64 00007C8A 8E C0                           		mov es,ax		;es 沒有 add，所以必須這麼做
    65 00007C8C 80 C1 01                        		add cl,1
    66 00007C8F 80 F9 12                        		cmp cl,18		;看讀了18個磁區沒
    67 00007C92 76 D1                           		jbe readloop
    68 00007C94 B1 01                           		mov cl,1
    69 00007C96 80 C6 01                        		add dh,1
    70 00007C99 80 FE 02                        		cmp dh,2
    71 00007C9C 72 C7                           		jb readloop		;如果 DH < 2 就到readloop
    72 00007C9E B6 00                           		mov dh,0
    73 00007CA0 80 C5 01                        		add ch,1
    74 00007CA3 80 FD 0A                        		cmp ch,CYLS
    75 00007CA6 72 BD                           		jb readloop
    76 00007CA8                                 		
    77 00007CA8                                 		;繼續後續程式
    78 00007CA8 88 2E 0FF0                      		mov [0x0ff0],ch
    79 00007CAC E9 4551                         		jmp 0xc200
    80 00007CAF                                 
    81 00007CAF                                 error:
    82 00007CAF BE 7CC7                         		mov si,msg
    83 00007CB2                                 		
    84 00007CB2                                 putloop:
    85 00007CB2 8A 04                           		mov al,[si]
    86 00007CB4 83 C6 01                        		add si,1
    87 00007CB7 3C 00                           		cmp al,0
    88 00007CB9 74 09                           		je fin
    89 00007CBB B4 0E                           		mov ah,0x0e
    90 00007CBD BB 000F                         		mov bx,15
    91 00007CC0 CD 10                           		int 0x10			;呼叫視訊BIOS
    92 00007CC2 EB EE                           		jmp putloop
    93 00007CC4                                 
    94 00007CC4                                 fin:
    95 00007CC4 F4                              		hlt
    96 00007CC5 EB FD                           		jmp fin		
    97 00007CC7                                 		
    98 00007CC7                                 msg:
    99 00007CC7 0A 0A                           		DB 0x0a,0x0a		;兩個換行
   100 00007CC9 6C 6F 61 64 20 65 72 72 6F 72   		DB "load error"
   101 00007CD3 0A                              		DB 0x0a
   102 00007CD4 00                              		DB 0
   103 00007CD5                                 		
   104 00007CD5 00 00 00 00 00 00 00 00 00 00   RESB 0x7dfe-$
       00007CDF 00 00 00 00 00 00 00 00 00 00 
       00007CE9 00 00 00 00 00 00 00 00 00 00 
       00007CF3 00 00 00 00 00 00 00 00 00 00 
       00007CFD 00 00 00 00 00 00 00 00 00 00 
       00007D07 00 00 00 00 00 00 00 00 00 00 
       00007D11 00 00 00 00 00 00 00 00 00 00 
       00007D1B 00 00 00 00 00 00 00 00 00 00 
       00007D25 00 00 00 00 00 00 00 00 00 00 
       00007D2F 00 00 00 00 00 00 00 00 00 00 
       00007D39 00 00 00 00 00 00 00 00 00 00 
       00007D43 00 00 00 00 00 00 00 00 00 00 
       00007D4D 00 00 00 00 00 00 00 00 00 00 
       00007D57 00 00 00 00 00 00 00 00 00 00 
       00007D61 00 00 00 00 00 00 00 00 00 00 
       00007D6B 00 00 00 00 00 00 00 00 00 00 
       00007D75 00 00 00 00 00 00 00 00 00 00 
       00007D7F 00 00 00 00 00 00 00 00 00 00 
       00007D89 00 00 00 00 00 00 00 00 00 00 
       00007D93 00 00 00 00 00 00 00 00 00 00 
       00007D9D 00 00 00 00 00 00 00 00 00 00 
       00007DA7 00 00 00 00 00 00 00 00 00 00 
       00007DB1 00 00 00 00 00 00 00 00 00 00 
       00007DBB 00 00 00 00 00 00 00 00 00 00 
       00007DC5 00 00 00 00 00 00 00 00 00 00 
       00007DCF 00 00 00 00 00 00 00 00 00 00 
       00007DD9 00 00 00 00 00 00 00 00 00 00 
       00007DE3 00 00 00 00 00 00 00 00 00 00 
       00007DED 00 00 00 00 00 00 00 00 00 00 
       00007DF7 00 00 00 00 00 00 00 
   105 00007DFE                                 
   106 00007DFE 55 AA                           DB 0x55,0xaa